<?xml version="1.0" encoding="UTF-8"?>
<testng-results ignored="0" total="1" passed="1" failed="0" skipped="0">
  <reporter-output>
  </reporter-output>
  <suite started-at="2022-08-02T22:06:24 IST" name="Default suite" finished-at="2022-08-02T22:06:33 IST" duration-ms="8343">
    <groups>
    </groups>
    <test started-at="2022-08-02T22:06:24 IST" name="Default test" finished-at="2022-08-02T22:06:33 IST" duration-ms="8343">
      <class name="restassured.EndToEnd">
        <test-method signature="test1()[pri:0, instance:restassured.EndToEnd@759d26fb]" started-at="2022-08-02T22:06:25 IST" name="test1" finished-at="2022-08-02T22:06:33 IST" duration-ms="8233" status="PASS">
          <reporter-output>
          </reporter-output>
        </test-method> <!-- test1 -->
      </class> <!-- restassured.EndToEnd -->
    </test> <!-- Default test -->
  </suite> <!-- Default suite -->
</testng-results>
